
[1m[46m RUN [49m[22m [36mv4.0.16 [39m[90m/home/reidlai/GitLocal/ta-workspace/modules/watchlist/sveltekit[39m

 [31mâ¯[39m src/lib/widgets/WatchlistSummaryWidget.test.ts [2m([22m[2m5 tests[22m[2m | [22m[31m3 failed[39m[2m)[22m[32m 69[2mms[22m[39m
     [32mâœ“[39m should render loading state[32m 39[2mms[22m[39m
     [32mâœ“[39m should render error state[32m 6[2mms[22m[39m
[31m     [31mÃ—[31m should render data state[39m[32m 11[2mms[22m[39m
[31m     [31mÃ—[31m should navigate on click[39m[32m 7[2mms[22m[39m
[31m     [31mÃ—[31m should navigate on Enter key[39m[32m 4[2mms[22m[39m

[31mâ¯â¯â¯â¯â¯â¯â¯[39m[1m[41m Failed Tests 3 [49m[22m[31mâ¯â¯â¯â¯â¯â¯â¯[39m

[41m[1m FAIL [22m[49m src/lib/widgets/WatchlistSummaryWidget.test.ts[2m > [22mWatchlistSummaryWidget[2m > [22mshould render data state
[31m[1mTestingLibraryElementError[22m: Unable to find an element with the text: 5. This could be because the text is broken up by multiple elements. In this case, you can provide a function for your text matcher to make your matcher more flexible.

Ignored nodes: comments, script, style
[36m<body>[31m
  [36m<div>[31m
    [36m<div[31m
      [33mclass[31m=[32m"@container w-full h-full cursor-pointer transition-transform hover:scale-[1.02] active:scale-[0.98]"[31m
      [33mrole[31m=[32m"button"[31m
      [33mtabindex[31m=[32m"0"[31m
    [36m>[31m
      [36m<div[31m
        [33mclass[31m=[32m"rounded-lg border bg-card text-card-foreground shadow-sm @container w-full h-full cursor-pointer transition-transform hover:scale-[1.02] active:scale-[0.98]"[31m
      [36m>[31m
        [36m<div[31m
          [33mclass[31m=[32m"flex flex-col space-y-1.5 p-6 pb-2"[31m
        [36m>[31m
          [36m<p[31m
            [33mclass[31m=[32m"text-sm text-muted-foreground"[31m
          [36m>[31m
            [0mNumber of Tickers in Watchlist[0m
          [36m</p>[31m
          [0m [0m
          [36m<h3[31m
            [33mclass[31m=[32m"text-3xl font-bold tracking-tight"[31m
          [36m>[31m
            [0m0[0m
          [36m</h3>[31m
          [0m[0m
          [0m[0m
        [36m</div>[31m
        [0m [0m
        [36m<div[31m
          [33mclass[31m=[32m"p-6 pt-0"[31m
        [36m>[31m
          [36m<p[31m
            [33mclass[31m=[32m"text-sm text-muted-foreground"[31m
          [36m>[31m
            [0m0
          tickers tracked[0m
          [36m</p>[31m
          [0m[0m
        [36m</div>[31m
      [36m</div>[31m
    [36m</div>[31m
    [0m[0m
    [0m[0m
  [36m</div>[31m
[36m</body>[31m[39m
[90m [2mâ¯[22m Object.getElementError ../../../node_modules/.pnpm/@testing-library+dom@10.4.1/node_modules/@testing-library/dom/dist/config.js:[2m37:19[22m[39m
[90m [2mâ¯[22m ../../../node_modules/.pnpm/@testing-library+dom@10.4.1/node_modules/@testing-library/dom/dist/query-helpers.js:[2m76:38[22m[39m
[90m [2mâ¯[22m ../../../node_modules/.pnpm/@testing-library+dom@10.4.1/node_modules/@testing-library/dom/dist/query-helpers.js:[2m52:17[22m[39m
[90m [2mâ¯[22m ../../../node_modules/.pnpm/@testing-library+dom@10.4.1/node_modules/@testing-library/dom/dist/query-helpers.js:[2m95:19[22m[39m
[36m [2mâ¯[22m src/lib/widgets/WatchlistSummaryWidget.test.ts:[2m54:16[22m[39m
    [90m 52| [39m
    [90m 53| [39m        [35mconst[39m { getByText } [33m=[39m [34mrender[39m([33mWatchlistSummaryWidget[39m)[33m;[39m
    [90m 54| [39m        [34mexpect[39m([34mgetByText[39m([32m'5'[39m))[33m.[39m[34mtoBeTruthy[39m()[33m;[39m
    [90m   | [39m               [31m^[39m
    [90m 55| [39m    })[33m;[39m
    [90m 56| [39m

[31m[2mâ¯â¯â¯â¯â¯â¯â¯â¯â¯â¯â¯â¯â¯â¯â¯â¯â¯â¯â¯â¯â¯â¯â¯â¯[1/3]â¯[22m[39m

[41m[1m FAIL [22m[49m src/lib/widgets/WatchlistSummaryWidget.test.ts[2m > [22mWatchlistSummaryWidget[2m > [22mshould navigate on click
[31m[1mAssertionError[22m: expected "vi.fn()" to be called with arguments: [ '/watchlist' ][90m

Number of calls: [1m0[22m
[31m[39m
[36m [2mâ¯[22m src/lib/widgets/WatchlistSummaryWidget.test.ts:[2m64:30[22m[39m
    [90m 62| [39m        [35mif[39m (widget) {
    [90m 63| [39m            [35mawait[39m fireEvent[33m.[39m[34mclick[39m(widget)[33m;[39m
    [90m 64| [39m            [34mexpect[39m(gotoMock)[33m.[39m[34mtoHaveBeenCalledWith[39m([32m'/watchlist'[39m)[33m;[39m
    [90m   | [39m                             [31m^[39m
    [90m 65| [39m        }
    [90m 66| [39m    })[33m;[39m

[31m[2mâ¯â¯â¯â¯â¯â¯â¯â¯â¯â¯â¯â¯â¯â¯â¯â¯â¯â¯â¯â¯â¯â¯â¯â¯[2/3]â¯[22m[39m

[41m[1m FAIL [22m[49m src/lib/widgets/WatchlistSummaryWidget.test.ts[2m > [22mWatchlistSummaryWidget[2m > [22mshould navigate on Enter key
[31m[1mAssertionError[22m: expected "vi.fn()" to be called with arguments: [ '/watchlist' ][90m

Number of calls: [1m0[22m
[31m[39m
[36m [2mâ¯[22m src/lib/widgets/WatchlistSummaryWidget.test.ts:[2m75:30[22m[39m
    [90m 73| [39m        [35mif[39m (widget) {
    [90m 74| [39m            [35mawait[39m fireEvent[33m.[39m[34mkeyDown[39m(widget[33m,[39m { key[33m:[39m [32m'Enter'[39m })[33m;[39m
    [90m 75| [39m            [34mexpect[39m(gotoMock)[33m.[39m[34mtoHaveBeenCalledWith[39m([32m'/watchlist'[39m)[33m;[39m
    [90m   | [39m                             [31m^[39m
    [90m 76| [39m        }
    [90m 77| [39m    })[33m;[39m

[31m[2mâ¯â¯â¯â¯â¯â¯â¯â¯â¯â¯â¯â¯â¯â¯â¯â¯â¯â¯â¯â¯â¯â¯â¯â¯[3/3]â¯[22m[39m


[2m Test Files [22m [1m[31m1 failed[39m[22m[90m (1)[39m
[2m      Tests [22m [1m[31m3 failed[39m[22m[2m | [22m[1m[32m2 passed[39m[22m[90m (5)[39m
[2m   Start at [22m 09:05:19
[2m   Duration [22m 1.27s[2m (transform 537ms, setup 0ms, import 744ms, tests 69ms, environment 333ms)[22m

